#
# There is insufficient memory for the Java Runtime Environment to continue.
# Native memory allocation (mmap) failed to map 266338304 bytes for G1 virtual space
# Possible reasons:
#   The system is out of physical RAM or swap space
#   The process is running with CompressedOops enabled, and the Java Heap may be blocking the growth of the native heap
# Possible solutions:
#   Reduce memory load on the system
#   Increase physical memory or swap space
#   Check if swap backing store is full
#   Decrease Java heap size (-Xmx/-Xms)
#   Decrease number of Java threads
#   Decrease Java thread stack sizes (-Xss)
#   Set larger code cache with -XX:ReservedCodeCacheSize=
#   JVM is running with Zero Based Compressed Oops mode in which the Java heap is
#     placed in the first 32GB address space. The Java Heap base address is the
#     maximum limit for the native heap growth. Please use -XX:HeapBaseMinAddress
#     to set the Java Heap base and to place the Java Heap above 32GB virtual address.
# This output file may be truncated or incomplete.
#
#  Out of Memory Error (os_windows.cpp:3557), pid=6860, tid=7516
#
# JRE version:  (17.0.6+10) (build )
# Java VM: OpenJDK 64-Bit Server VM (17.0.6+10-LTS, mixed mode, sharing, tiered, compressed oops, compressed class ptrs, g1 gc, windows-amd64)
# No core dump will be written. Minidumps are not enabled by default on client versions of Windows
#

---------------  S U M M A R Y ------------

Command Line: -Dclassworlds.conf=C:\Tools\apache-maven-3.6.3\bin\..\bin\m2.conf -Dmaven.home=C:\Tools\apache-maven-3.6.3\bin\.. -Dlibrary.jansi.path=C:\Tools\apache-maven-3.6.3\bin\..\lib\jansi-native -Dmaven.multiModuleProjectDirectory=C:\15_output\07.Project\03.BaiTapCuoiKhoa\SRC\04.Back-end org.codehaus.plexus.classworlds.launcher.Launcher spring-boot:run -X

Host: Intel(R) Core(TM) i3-9100 CPU @ 3.60GHz, 4 cores, 15G,  Windows 11 , 64 bit Build 22621 (10.0.22621.3958)
Time: Wed Oct 23 10:02:44 2024 SE Asia Standard Time elapsed time: 0.013016 seconds (0d 0h 0m 0s)

---------------  T H R E A D  ---------------

Current thread (0x0000016b76595ae0):  JavaThread "Unknown thread" [_thread_in_vm, id=7516, stack(0x0000000581f00000,0x0000000582000000)]

Stack: [0x0000000581f00000,0x0000000582000000]
Native frames: (J=compiled Java code, j=interpreted, Vv=VM code, C=native code)
V  [jvm.dll+0x64b39a]
V  [jvm.dll+0x7ff044]
V  [jvm.dll+0x8007fe]
V  [jvm.dll+0x800e53]
V  [jvm.dll+0x235848]
V  [jvm.dll+0x6482fa]
V  [jvm.dll+0x63ca0a]
V  [jvm.dll+0x2f3d59]
V  [jvm.dll+0x2faee6]
V  [jvm.dll+0x34755a]
V  [jvm.dll+0x34779f]
V  [jvm.dll+0x2ca128]
V  [jvm.dll+0x2cb0b9]
V  [jvm.dll+0x7d2751]
V  [jvm.dll+0x354a21]
V  [jvm.dll+0x7b2c9e]
V  [jvm.dll+0x3d16c3]
V  [jvm.dll+0x3d30c1]
C  [jli.dll+0x519f]
C  [ucrtbase.dll+0x29333]
C  [KERNEL32.DLL+0x1257d]
C  [ntdll.dll+0x5af08]


---------------  P R O C E S S  ---------------

Threads class SMR info:
_java_thread_list=0x00007ffcc97fb858, length=0, elements={
}

Java Threads: ( => current thread )

Other Threads:
  0x0000016b76604cf0 GCTaskThread "GC Thread#0" [stack: 0x0000000582000000,0x0000000582100000] [id=18316]
  0x0000016b766159b0 ConcurrentGCThread "G1 Main Marker" [stack: 0x0000000582100000,0x0000000582200000] [id=14180]
  0x0000016b766163c0 ConcurrentGCThread "G1 Conc#0" [stack: 0x0000000582200000,0x0000000582300000] [id=8120]

[error occurred during error reporting (printing all threads), id 0xc0000005, EXCEPTION_ACCESS_VIOLATION (0xc0000005) at pc=0x00007ffcc8feb387]

VM state: not at safepoint (not fully initialized)

VM Mutex/Monitor currently owned by a thread:  ([mutex/lock_event])
[0x0000016b76592e30] Heap_lock - owner thread: 0x0000016b76595ae0

Heap address: 0x0000000702800000, size: 4056 MB, Compressed Oops mode: Zero based, Oop shift amount: 3

CDS archive(s) mapped at: [0x0000000000000000-0x0000000000000000-0x0000000000000000), size 0, SharedBaseAddress: 0x0000000800000000, ArchiveRelocationMode: 0.
Narrow klass base: 0x0000000000000000, Narrow klass shift: 0, Narrow klass range: 0x0

GC Precious Log:
<Empty>

Heap:
 garbage-first heap   total 0K, used 0K [0x0000000702800000, 0x0000000800000000)
  region size 2048K, 0 young (0K), 0 survivors (0K)

[error occurred during error reporting (printing heap information), id 0xc0000005, EXCEPTION_ACCESS_VIOLATION (0xc0000005) at pc=0x00007ffcc93b2dd9]

GC Heap History (0 events):
No events

Dll operation events (1 events):
Event: 0.006 Loaded shared library C:\Program Files\Amazon Corretto\jdk17.0.6_10\bin\java.dll

Deoptimization events (0 events):
No events

Classes unloaded (0 events):
No events

Classes redefined (0 events):
No events

Internal exceptions (0 events):
No events

VM Operations (0 events):
No events

Events (0 events):
No events


Dynamic libraries:
0x00007ff638e90000 - 0x00007ff638e9d000 	C:\Program Files\Amazon Corretto\jdk17.0.6_10\bin\java.exe
0x00007ffd62c70000 - 0x00007ffd62e87000 	C:\Windows\SYSTEM32\ntdll.dll
0x00007ffd61df0000 - 0x00007ffd61eb4000 	C:\Windows\System32\KERNEL32.DLL
0x00007ffd60540000 - 0x00007ffd608f7000 	C:\Windows\System32\KERNELBASE.dll
0x00007ffd60210000 - 0x00007ffd60321000 	C:\Windows\System32\ucrtbase.dll
0x00007ffd32730000 - 0x00007ffd32747000 	C:\Program Files\Amazon Corretto\jdk17.0.6_10\bin\jli.dll
0x00007ffd61970000 - 0x00007ffd61b1f000 	C:\Windows\System32\USER32.dll
0x00007ffd60510000 - 0x00007ffd60536000 	C:\Windows\System32\win32u.dll
0x00007ffd62ae0000 - 0x00007ffd62b09000 	C:\Windows\System32\GDI32.dll
0x00007ffd30130000 - 0x00007ffd30145000 	C:\Program Files\Amazon Corretto\jdk17.0.6_10\bin\VCRUNTIME140.dll
0x00007ffd600f0000 - 0x00007ffd60208000 	C:\Windows\System32\gdi32full.dll
0x00007ffd603f0000 - 0x00007ffd6048a000 	C:\Windows\System32\msvcp_win.dll
0x00007ffd48cb0000 - 0x00007ffd48f43000 	C:\Windows\WinSxS\amd64_microsoft.windows.common-controls_6595b64144ccf1df_6.0.22621.3672_none_2713b9d173822955\COMCTL32.dll
0x00007ffd61c40000 - 0x00007ffd61ce7000 	C:\Windows\System32\msvcrt.dll
0x00007ffd62880000 - 0x00007ffd628b1000 	C:\Windows\System32\IMM32.DLL
0x00007ffcf8320000 - 0x00007ffcf83bb000 	C:\Program Files\Amazon Corretto\jdk17.0.6_10\bin\msvcp140.dll
0x00007ffcc8d10000 - 0x00007ffcc9928000 	C:\Program Files\Amazon Corretto\jdk17.0.6_10\bin\server\jvm.dll
0x00007ffd61b20000 - 0x00007ffd61bd2000 	C:\Windows\System32\ADVAPI32.dll
0x00007ffd61310000 - 0x00007ffd613b8000 	C:\Windows\System32\sechost.dll
0x00007ffd60900000 - 0x00007ffd60928000 	C:\Windows\System32\bcrypt.dll
0x00007ffd62b10000 - 0x00007ffd62c24000 	C:\Windows\System32\RPCRT4.dll
0x00007ffd4fe10000 - 0x00007ffd4fe19000 	C:\Windows\SYSTEM32\WSOCK32.dll
0x00007ffd61290000 - 0x00007ffd61301000 	C:\Windows\System32\WS2_32.dll
0x00007ffd47d20000 - 0x00007ffd47d54000 	C:\Windows\SYSTEM32\WINMM.dll
0x00007ffd57080000 - 0x00007ffd5708a000 	C:\Windows\SYSTEM32\VERSION.dll
0x00007ffd5ef90000 - 0x00007ffd5efa8000 	C:\Windows\SYSTEM32\kernel.appcore.dll
0x00007ffd50bd0000 - 0x00007ffd50bda000 	C:\Program Files\Amazon Corretto\jdk17.0.6_10\bin\jimage.dll
0x00007ffd442f0000 - 0x00007ffd44522000 	C:\Windows\SYSTEM32\DBGHELP.DLL
0x00007ffd613c0000 - 0x00007ffd6174e000 	C:\Windows\System32\combase.dll
0x00007ffd62740000 - 0x00007ffd62817000 	C:\Windows\System32\OLEAUT32.dll
0x00007ffd44540000 - 0x00007ffd44572000 	C:\Windows\SYSTEM32\dbgcore.DLL
0x00007ffd60490000 - 0x00007ffd6050b000 	C:\Windows\System32\bcryptPrimitives.dll
0x00007ffcfb850000 - 0x00007ffcfb875000 	C:\Program Files\Amazon Corretto\jdk17.0.6_10\bin\java.dll

dbghelp: loaded successfully - version: 4.0.5 - missing functions: none
symbol engine: initialized successfully - sym options: 0x614 - pdb path: .;C:\Program Files\Amazon Corretto\jdk17.0.6_10\bin;C:\Windows\SYSTEM32;C:\Windows\WinSxS\amd64_microsoft.windows.common-controls_6595b64144ccf1df_6.0.22621.3672_none_2713b9d173822955;C:\Program Files\Amazon Corretto\jdk17.0.6_10\bin\server

VM Arguments:
jvm_args: -Dclassworlds.conf=C:\Tools\apache-maven-3.6.3\bin\..\bin\m2.conf -Dmaven.home=C:\Tools\apache-maven-3.6.3\bin\.. -Dlibrary.jansi.path=C:\Tools\apache-maven-3.6.3\bin\..\lib\jansi-native -Dmaven.multiModuleProjectDirectory=C:\15_output\07.Project\03.BaiTapCuoiKhoa\SRC\04.Back-end 
java_command: org.codehaus.plexus.classworlds.launcher.Launcher spring-boot:run -X
java_class_path (initial): C:\Tools\apache-maven-3.6.3\bin\..\boot\plexus-classworlds-2.6.0.jar
Launcher Type: SUN_STANDARD

[Global flags]
     intx CICompilerCount                          = 3                                         {product} {ergonomic}
     uint ConcGCThreads                            = 1                                         {product} {ergonomic}
     uint G1ConcRefinementThreads                  = 4                                         {product} {ergonomic}
   size_t G1HeapRegionSize                         = 2097152                                   {product} {ergonomic}
    uintx GCDrainStackTargetSize                   = 64                                        {product} {ergonomic}
   size_t InitialHeapSize                          = 266338304                                 {product} {ergonomic}
   size_t MarkStackSize                            = 4194304                                   {product} {ergonomic}
   size_t MaxHeapSize                              = 4253024256                                {product} {ergonomic}
   size_t MinHeapDeltaBytes                        = 2097152                                   {product} {ergonomic}
   size_t MinHeapSize                              = 8388608                                   {product} {ergonomic}
    uintx NonNMethodCodeHeapSize                   = 5832780                                {pd product} {ergonomic}
    uintx NonProfiledCodeHeapSize                  = 122912730                              {pd product} {ergonomic}
    uintx ProfiledCodeHeapSize                     = 122912730                              {pd product} {ergonomic}
    uintx ReservedCodeCacheSize                    = 251658240                              {pd product} {ergonomic}
     bool SegmentedCodeCache                       = true                                      {product} {ergonomic}
   size_t SoftMaxHeapSize                          = 4253024256                             {manageable} {ergonomic}
     bool UseCompressedClassPointers               = true                           {product lp64_product} {ergonomic}
     bool UseCompressedOops                        = true                           {product lp64_product} {ergonomic}
     bool UseG1GC                                  = true                                      {product} {ergonomic}
     bool UseLargePagesIndividualAllocation        = false                                  {pd product} {ergonomic}

Logging:
Log output configuration:
 #0: stdout all=warning uptime,level,tags
 #1: stderr all=off uptime,level,tags

Environment Variables:
JAVA_HOME=C:\Program Files\Amazon Corretto\jdk17.0.6_10
PATH=C:\Program Files\Amazon Corretto\jdk17.0.6_10\bin;C:\Windows\system32;C:\Windows;C:\Windows\System32\Wbem;C:\Windows\System32\WindowsPowerShell\v1.0\;C:\Windows\System32\OpenSSH\;C:\Program Files\nodejs\;C:\Program Files (x86)\Yarn\bin\;C:\Program Files\Microsoft VS Code\bin;C:\Program Files\Git\cmd;C:\Program Files\TortoiseGit\bin;C:\Program Files\TortoiseSVN\bin;C:\Program Files\Docker\Docker\resources\bin;C:\Tools\apache-maven-3.6.3\bin;C:\Users\LA\AppData\Local\Microsoft\WindowsApps;
USERNAME=LA
OS=Windows_NT
PROCESSOR_IDENTIFIER=Intel64 Family 6 Model 158 Stepping 11, GenuineIntel
TMP=C:\Users\LA\AppData\Local\Temp
TEMP=C:\Users\LA\AppData\Local\Temp



---------------  S Y S T E M  ---------------

OS:
 Windows 11 , 64 bit Build 22621 (10.0.22621.3958)
OS uptime: 1 days 1:55 hours
Hyper-V role detected

CPU: total 4 (initial active 4) (4 cores per cpu, 1 threads per core) family 6 model 158 stepping 11 microcode 0xf0, cx8, cmov, fxsr, mmx, 3dnowpref, sse, sse2, sse3, ssse3, sse4.1, sse4.2, popcnt, lzcnt, tsc, tscinvbit, avx, avx2, aes, erms, clmul, bmi1, bmi2, adx, fma, vzeroupper, clflush, clflushopt, hv

Memory: 4k page, system-wide physical 16220M (1778M free)
TotalPageFile size 46638M (AvailPageFile size 166M)
current process WorkingSet (physical memory assigned to process): 11M, peak: 11M
current process commit charge ("private bytes"): 52M, peak: 306M

vm_info: OpenJDK 64-Bit Server VM (17.0.6+10-LTS) for windows-amd64 JRE (17.0.6+10-LTS), built on Jan 13 2023 22:57:04 by "Administrator" with MS VC++ 15.9 (VS2017)

END.
