#
# There is insufficient memory for the Java Runtime Environment to continue.
# Native memory allocation (mmap) failed to map 266338304 bytes for G1 virtual space
# Possible reasons:
#   The system is out of physical RAM or swap space
#   The process is running with CompressedOops enabled, and the Java Heap may be blocking the growth of the native heap
# Possible solutions:
#   Reduce memory load on the system
#   Increase physical memory or swap space
#   Check if swap backing store is full
#   Decrease Java heap size (-Xmx/-Xms)
#   Decrease number of Java threads
#   Decrease Java thread stack sizes (-Xss)
#   Set larger code cache with -XX:ReservedCodeCacheSize=
#   JVM is running with Zero Based Compressed Oops mode in which the Java heap is
#     placed in the first 32GB address space. The Java Heap base address is the
#     maximum limit for the native heap growth. Please use -XX:HeapBaseMinAddress
#     to set the Java Heap base and to place the Java Heap above 32GB virtual address.
# This output file may be truncated or incomplete.
#
#  Out of Memory Error (os_windows.cpp:3557), pid=4232, tid=2140
#
# JRE version:  (17.0.6+10) (build )
# Java VM: OpenJDK 64-Bit Server VM (17.0.6+10-LTS, mixed mode, emulated-client, sharing, tiered, compressed oops, compressed class ptrs, g1 gc, windows-amd64)
# No core dump will be written. Minidumps are not enabled by default on client versions of Windows
#

---------------  S U M M A R Y ------------

Command Line: -XX:TieredStopAtLevel=1 com.luvina.la.MainApplication --spring.profiles.active=dev

Host: Intel(R) Core(TM) i3-9100 CPU @ 3.60GHz, 4 cores, 15G,  Windows 11 , 64 bit Build 22621 (10.0.22621.3958)
Time: Fri Oct 18 16:42:37 2024 SE Asia Standard Time elapsed time: 0.067385 seconds (0d 0h 0m 0s)

---------------  T H R E A D  ---------------

Current thread (0x000002963d9b0950):  JavaThread "Unknown thread" [_thread_in_vm, id=2140, stack(0x000000b875300000,0x000000b875400000)]

Stack: [0x000000b875300000,0x000000b875400000]
Native frames: (J=compiled Java code, j=interpreted, Vv=VM code, C=native code)
V  [jvm.dll+0x64b39a]
V  [jvm.dll+0x7ff044]
V  [jvm.dll+0x8007fe]
V  [jvm.dll+0x800e53]
V  [jvm.dll+0x235848]
V  [jvm.dll+0x6482fa]
V  [jvm.dll+0x63ca0a]
V  [jvm.dll+0x2f3d59]
V  [jvm.dll+0x2faee6]
V  [jvm.dll+0x34755a]
V  [jvm.dll+0x34779f]
V  [jvm.dll+0x2ca128]
V  [jvm.dll+0x2cb0b9]
V  [jvm.dll+0x7d2751]
V  [jvm.dll+0x354a21]
V  [jvm.dll+0x7b2c9e]
V  [jvm.dll+0x3d16c3]
V  [jvm.dll+0x3d30c1]
C  [jli.dll+0x519f]
C  [ucrtbase.dll+0x29333]
C  [KERNEL32.DLL+0x1257d]
C  [ntdll.dll+0x5af08]


---------------  P R O C E S S  ---------------

Threads class SMR info:
_java_thread_list=0x00007ffec10bb858, length=0, elements={
}

Java Threads: ( => current thread )

Other Threads:
  0x000002963da1c3d0 GCTaskThread "GC Thread#0" [stack: 0x000000b875500000,0x000000b875600000] [id=15220]
  0x000002963da2d090 ConcurrentGCThread "G1 Main Marker" [stack: 0x000000b875600000,0x000000b875700000] [id=8188]
  0x000002963da2eab0 ConcurrentGCThread "G1 Conc#0" [stack: 0x000000b875700000,0x000000b875800000] [id=9208]

[error occurred during error reporting (printing all threads), id 0xc0000005, EXCEPTION_ACCESS_VIOLATION (0xc0000005) at pc=0x00007ffec08ab387]

VM state: not at safepoint (not fully initialized)

VM Mutex/Monitor currently owned by a thread:  ([mutex/lock_event])
[0x000002963d9aa2e0] Heap_lock - owner thread: 0x000002963d9b0950

Heap address: 0x0000000702800000, size: 4056 MB, Compressed Oops mode: Zero based, Oop shift amount: 3

CDS archive(s) mapped at: [0x0000000000000000-0x0000000000000000-0x0000000000000000), size 0, SharedBaseAddress: 0x0000000800000000, ArchiveRelocationMode: 0.
Narrow klass base: 0x0000000000000000, Narrow klass shift: 0, Narrow klass range: 0x0

GC Precious Log:
<Empty>

Heap:
 garbage-first heap   total 0K, used 0K [0x0000000702800000, 0x0000000800000000)
  region size 2048K, 0 young (0K), 0 survivors (0K)

[error occurred during error reporting (printing heap information), id 0xc0000005, EXCEPTION_ACCESS_VIOLATION (0xc0000005) at pc=0x00007ffec0c72dd9]

GC Heap History (0 events):
No events

Dll operation events (1 events):
Event: 0.009 Loaded shared library C:\Program Files\Amazon Corretto\jdk17.0.6_10\bin\java.dll

Deoptimization events (0 events):
No events

Classes unloaded (0 events):
No events

Classes redefined (0 events):
No events

Internal exceptions (0 events):
No events

VM Operations (0 events):
No events

Events (0 events):
No events


Dynamic libraries:
0x00007ff66eb00000 - 0x00007ff66eb0d000 	C:\Program Files\Amazon Corretto\jdk17.0.6_10\bin\java.exe
0x00007fff2a1d0000 - 0x00007fff2a3e7000 	C:\Windows\SYSTEM32\ntdll.dll
0x00007fff29060000 - 0x00007fff29124000 	C:\Windows\System32\KERNEL32.DLL
0x00007fff27900000 - 0x00007fff27cb7000 	C:\Windows\System32\KERNELBASE.dll
0x00007fff277e0000 - 0x00007fff278f1000 	C:\Windows\System32\ucrtbase.dll
0x00007fff06b20000 - 0x00007fff06b37000 	C:\Program Files\Amazon Corretto\jdk17.0.6_10\bin\jli.dll
0x00007fff27f00000 - 0x00007fff280af000 	C:\Windows\System32\USER32.dll
0x00007fff27db0000 - 0x00007fff27dd6000 	C:\Windows\System32\win32u.dll
0x00007fff29d40000 - 0x00007fff29d69000 	C:\Windows\System32\GDI32.dll
0x00007fff274e0000 - 0x00007fff275f8000 	C:\Windows\System32\gdi32full.dll
0x00007fff27e60000 - 0x00007fff27efa000 	C:\Windows\System32\msvcp_win.dll
0x00007fff065b0000 - 0x00007fff065c5000 	C:\Program Files\Amazon Corretto\jdk17.0.6_10\bin\VCRUNTIME140.dll
0x00007fff104f0000 - 0x00007fff10783000 	C:\Windows\WinSxS\amd64_microsoft.windows.common-controls_6595b64144ccf1df_6.0.22621.3672_none_2713b9d173822955\COMCTL32.dll
0x00007fff28f20000 - 0x00007fff28fc7000 	C:\Windows\System32\msvcrt.dll
0x00007fff28e60000 - 0x00007fff28e91000 	C:\Windows\System32\IMM32.DLL
0x00007ffefa8a0000 - 0x00007ffefa93b000 	C:\Program Files\Amazon Corretto\jdk17.0.6_10\bin\msvcp140.dll
0x00007ffec05d0000 - 0x00007ffec11e8000 	C:\Program Files\Amazon Corretto\jdk17.0.6_10\bin\server\jvm.dll
0x00007fff29300000 - 0x00007fff293b2000 	C:\Windows\System32\ADVAPI32.dll
0x00007fff29a70000 - 0x00007fff29b18000 	C:\Windows\System32\sechost.dll
0x00007fff27d80000 - 0x00007fff27da8000 	C:\Windows\System32\bcrypt.dll
0x00007fff29180000 - 0x00007fff29294000 	C:\Windows\System32\RPCRT4.dll
0x00007fff15210000 - 0x00007fff15219000 	C:\Windows\SYSTEM32\WSOCK32.dll
0x00007fff28de0000 - 0x00007fff28e51000 	C:\Windows\System32\WS2_32.dll
0x00007fff17680000 - 0x00007fff176b4000 	C:\Windows\SYSTEM32\WINMM.dll
0x00007fff20a20000 - 0x00007fff20a2a000 	C:\Windows\SYSTEM32\VERSION.dll
0x00007fff264f0000 - 0x00007fff26508000 	C:\Windows\SYSTEM32\kernel.appcore.dll
0x00007fff16cc0000 - 0x00007fff16cca000 	C:\Program Files\Amazon Corretto\jdk17.0.6_10\bin\jimage.dll
0x00007fff0ea40000 - 0x00007fff0ec72000 	C:\Windows\SYSTEM32\DBGHELP.DLL
0x00007fff29d70000 - 0x00007fff2a0fe000 	C:\Windows\System32\combase.dll
0x00007fff28930000 - 0x00007fff28a07000 	C:\Windows\System32\OLEAUT32.dll
0x00007fff0def0000 - 0x00007fff0df22000 	C:\Windows\SYSTEM32\dbgcore.DLL
0x00007fff27de0000 - 0x00007fff27e5b000 	C:\Windows\System32\bcryptPrimitives.dll
0x00007fff042e0000 - 0x00007fff04305000 	C:\Program Files\Amazon Corretto\jdk17.0.6_10\bin\java.dll

dbghelp: loaded successfully - version: 4.0.5 - missing functions: none
symbol engine: initialized successfully - sym options: 0x614 - pdb path: .;C:\Program Files\Amazon Corretto\jdk17.0.6_10\bin;C:\Windows\SYSTEM32;C:\Windows\WinSxS\amd64_microsoft.windows.common-controls_6595b64144ccf1df_6.0.22621.3672_none_2713b9d173822955;C:\Program Files\Amazon Corretto\jdk17.0.6_10\bin\server

VM Arguments:
jvm_args: -XX:TieredStopAtLevel=1 
java_command: com.luvina.la.MainApplication --spring.profiles.active=dev
java_class_path (initial): C:\15_output\07.Project\03.BaiTapCuoiKhoa\SRC\04.Back-end\target\classes;C:\Users\LA\.m2\repository\org\aspectj\aspectjweaver\1.9.7\aspectjweaver-1.9.7.jar;C:\Users\LA\.m2\repository\org\springframework\spring-jdbc\5.3.25\spring-jdbc-5.3.25.jar;C:\Users\LA\.m2\repository\jakarta\transaction\jakarta.transaction-api\1.3.3\jakarta.transaction-api-1.3.3.jar;C:\Users\LA\.m2\repository\jakarta\persistence\jakarta.persistence-api\2.2.3\jakarta.persistence-api-2.2.3.jar;C:\Users\LA\.m2\repository\org\hibernate\hibernate-core\5.6.14.Final\hibernate-core-5.6.14.Final.jar;C:\Users\LA\.m2\repository\org\jboss\logging\jboss-logging\3.4.3.Final\jboss-logging-3.4.3.Final.jar;C:\Users\LA\.m2\repository\net\bytebuddy\byte-buddy\1.12.22\byte-buddy-1.12.22.jar;C:\Users\LA\.m2\repository\antlr\antlr\2.7.7\antlr-2.7.7.jar;C:\Users\LA\.m2\repository\org\jboss\jandex\2.4.2.Final\jandex-2.4.2.Final.jar;C:\Users\LA\.m2\repository\com\fasterxml\classmate\1.5.1\classmate-1.5.1.jar;C:\Users\LA\.m2\repository\org\hibernate\common\hibernate-commons-annotations\5.1.2.Final\hibernate-commons-annotations-5.1.2.Final.jar;C:\Users\LA\.m2\repository\org\glassfish\jaxb\jaxb-runtime\2.3.7\jaxb-runtime-2.3.7.jar;C:\Users\LA\.m2\repository\jakarta\xml\bind\jakarta.xml.bind-api\2.3.3\jakarta.xml.bind-api-2.3.3.jar;C:\Users\LA\.m2\repository\org\glassfish\jaxb\txw2\2.3.7\txw2-2.3.7.jar;C:\Users\LA\.m2\repository\com\sun\istack\istack-commons-runtime\3.0.12\istack-commons-runtime-3.0.12.jar;C:\Users\LA\.m2\repository\com\sun\activation\jakarta.activation\1.2.2\jakarta.activation-1.2.2.jar;C:\Users\LA\.m2\repository\org\springframework\data\spring-data-jpa\2.7.7\spring-data-jpa-2.7.7.jar;C:\Users\LA\.m2\repository\org\springframework\data\spring-data-commons\2.7.7\spring-data-commons-2.7.7.jar;C:\Users\LA\.m2\repository\org\springframework\spring-orm\5.3.25\spring-orm-5.3.25.jar;C:\Users\LA\.m2\repository\org\springframework\spring-context\5.3.25\spring-context-5.3.25.jar;C:\Users
Launcher Type: SUN_STANDARD

[Global flags]
     intx CICompilerCount                          = 3                                         {product} {ergonomic}
     uint ConcGCThreads                            = 1                                         {product} {ergonomic}
     uint G1ConcRefinementThreads                  = 4                                         {product} {ergonomic}
   size_t G1HeapRegionSize                         = 2097152                                   {product} {ergonomic}
    uintx GCDrainStackTargetSize                   = 64                                        {product} {ergonomic}
   size_t InitialHeapSize                          = 266338304                                 {product} {ergonomic}
   size_t MarkStackSize                            = 4194304                                   {product} {ergonomic}
   size_t MaxHeapSize                              = 4253024256                                {product} {ergonomic}
   size_t MinHeapDeltaBytes                        = 2097152                                   {product} {ergonomic}
   size_t MinHeapSize                              = 8388608                                   {product} {ergonomic}
    uintx NonProfiledCodeHeapSize                  = 0                                      {pd product} {ergonomic}
     bool ProfileInterpreter                       = false                                  {pd product} {command line}
    uintx ProfiledCodeHeapSize                     = 0                                      {pd product} {ergonomic}
   size_t SoftMaxHeapSize                          = 4253024256                             {manageable} {ergonomic}
     intx TieredStopAtLevel                        = 1                                         {product} {command line}
     bool UseCompressedClassPointers               = true                           {product lp64_product} {ergonomic}
     bool UseCompressedOops                        = true                           {product lp64_product} {ergonomic}
     bool UseG1GC                                  = true                                      {product} {ergonomic}
     bool UseLargePagesIndividualAllocation        = false                                  {pd product} {ergonomic}

Logging:
Log output configuration:
 #0: stdout all=warning uptime,level,tags
 #1: stderr all=off uptime,level,tags

Environment Variables:
JAVA_HOME=C:\Program Files\Amazon Corretto\jdk17.0.6_10
PATH=C:\Program Files\Amazon Corretto\jdk17.0.6_10\bin;C:\Windows\system32;C:\Windows;C:\Windows\System32\Wbem;C:\Windows\System32\WindowsPowerShell\v1.0\;C:\Windows\System32\OpenSSH\;C:\Program Files\nodejs\;C:\Program Files (x86)\Yarn\bin\;C:\Program Files\Microsoft VS Code\bin;C:\Program Files\Git\cmd;C:\Program Files\TortoiseGit\bin;C:\Program Files\TortoiseSVN\bin;C:\Program Files\Docker\Docker\resources\bin;C:\Tools\apache-maven-3.6.3\bin;C:\Users\LA\AppData\Local\Microsoft\WindowsApps;
USERNAME=LA
OS=Windows_NT
PROCESSOR_IDENTIFIER=Intel64 Family 6 Model 158 Stepping 11, GenuineIntel
TMP=C:\Users\LA\AppData\Local\Temp
TEMP=C:\Users\LA\AppData\Local\Temp



---------------  S Y S T E M  ---------------

OS:
 Windows 11 , 64 bit Build 22621 (10.0.22621.3958)
OS uptime: 1 days 0:03 hours
Hyper-V role detected

CPU: total 4 (initial active 4) (4 cores per cpu, 1 threads per core) family 6 model 158 stepping 11 microcode 0xf0, cx8, cmov, fxsr, mmx, 3dnowpref, sse, sse2, sse3, ssse3, sse4.1, sse4.2, popcnt, lzcnt, tsc, tscinvbit, avx, avx2, aes, erms, clmul, bmi1, bmi2, adx, fma, vzeroupper, clflush, clflushopt, hv

Memory: 4k page, system-wide physical 16220M (2385M free)
TotalPageFile size 46638M (AvailPageFile size 195M)
current process WorkingSet (physical memory assigned to process): 11M, peak: 11M
current process commit charge ("private bytes"): 47M, peak: 301M

vm_info: OpenJDK 64-Bit Server VM (17.0.6+10-LTS) for windows-amd64 JRE (17.0.6+10-LTS), built on Jan 13 2023 22:57:04 by "Administrator" with MS VC++ 15.9 (VS2017)

END.
